<?xml version="1.0" encoding="UTF-8"?>
<!-- Generated by org.testng.reporters.JUnitReportReporter -->
<testsuite hostname="DESKTOP-H0PI4DT" failures="0" tests="1" name="mobile_virtualExample.AppiumMobile_VirtualDevice_LaunchCalCulator_AddTest2" time="17.578" errors="0" timestamp="2022-07-28T13:52:43 IST" skipped="0">
  <testcase classname="mobile_virtualExample.AppiumMobile_VirtualDevice_LaunchCalCulator_AddTest2" name="verifyAddTest" time="17.578"/>
</testsuite> <!-- mobile_virtualExample.AppiumMobile_VirtualDevice_LaunchCalCulator_AddTest2 -->
