<?xml version="1.0" encoding="UTF-8"?>
<!-- Generated by org.testng.reporters.JUnitReportReporter -->
<testsuite hostname="DESKTOP-H0PI4DT" failures="0" tests="1" name="mobile_virtualExample.AppiumMobile_VirtualDevice_CalCulatorest" time="13.499" errors="0" timestamp="2022-07-28T13:10:00 IST" skipped="0">
  <testcase classname="mobile_virtualExample.AppiumMobile_VirtualDevice_CalCulatorest" name="launchCalTest" time="13.499"/>
</testsuite> <!-- mobile_virtualExample.AppiumMobile_VirtualDevice_CalCulatorest -->
