<?xml version="1.0" encoding="UTF-8"?>
<!-- Generated by org.testng.reporters.JUnitReportReporter -->
<testsuite hostname="DESKTOP-H0PI4DT" failures="0" tests="1" name="mobile_RealDevice.Appium_RealDevice_InstallAppTest" time="0.010" errors="0" timestamp="2022-07-29T13:12:33 IST" skipped="0">
  <testcase classname="mobile_RealDevice.Appium_RealDevice_InstallAppTest" name="addTest" time="0.010"/>
</testsuite> <!-- mobile_RealDevice.Appium_RealDevice_InstallAppTest -->
