<?xml version="1.0" encoding="UTF-8"?>
<!-- Generated by org.testng.reporters.JUnitReportReporter -->
<testsuite hostname="DESKTOP-H0PI4DT" failures="0" tests="1" name="mobile_RealDevice.Appium_RealDevice_LaunchCalTest" time="5.722" errors="0" timestamp="2022-07-29T13:05:39 IST" skipped="0">
  <testcase classname="mobile_RealDevice.Appium_RealDevice_LaunchCalTest" name="addTest" time="5.722"/>
</testsuite> <!-- mobile_RealDevice.Appium_RealDevice_LaunchCalTest -->
