<?xml version="1.0" encoding="UTF-8"?>
<!-- Generated by org.testng.reporters.JUnitReportReporter -->
<testsuite hostname="DESKTOP-H0PI4DT" failures="0" tests="1" name="mobile_virtualExample.AppiumMobile_VirtualDevice_LaunchCalCulatorTest" time="17.114" errors="0" timestamp="2022-07-28T13:20:02 IST" skipped="0">
  <testcase classname="mobile_virtualExample.AppiumMobile_VirtualDevice_LaunchCalCulatorTest" name="launchCalTest" time="17.114"/>
</testsuite> <!-- mobile_virtualExample.AppiumMobile_VirtualDevice_LaunchCalCulatorTest -->
